<?xml version="1.0" encoding="UTF-8"?>
<testsuite name="com.eam.Travel.TravelApplicationTests" tests="1" skipped="0" failures="0" errors="0" timestamp="2026-09-25T06:22:45.463Z" hostname="LAPTOP-AMBJ8AMO" time="6.483">
  <properties/>
  <testcase name="contextLoads()" classname="com.eam.Travel.TravelApplicationTests" time="0.426"/>
  <system-out><![CDATA[01:22:45.717 [Test worker] INFO org.springframework.test.context.support.AnnotationConfigContextLoaderUtils -- Could not detect default configuration classes for test class [com.eam.Travel.TravelApplicationTests]: TravelApplicationTests does not declare any static, non-private, non-final, nested classes annotated with @Configuration.
01:22:45.870 [Test worker] INFO org.springframework.boot.test.context.SpringBootTestContextBootstrapper -- Found @SpringBootConfiguration com.eam.Travel.TravelApplication for test class com.eam.Travel.TravelApplicationTests
01:22:45.974 [Test worker] INFO org.springframework.test.context.support.AnnotationConfigContextLoaderUtils -- Could not detect default configuration classes for test class [com.eam.Travel.TravelApplicationTests]: TravelApplicationTests does not declare any static, non-private, non-final, nested classes annotated with @Configuration.
01:22:45.976 [Test worker] INFO org.springframework.boot.test.context.SpringBootTestContextBootstrapper -- Found @SpringBootConfiguration com.eam.Travel.TravelApplication for test class com.eam.Travel.TravelApplicationTests

  .   ____          _            __ _ _
 /\\ / ___'_ __ _ _(_)_ __  __ _ \ \ \ \
( ( )\___ | '_ | '_| | '_ \/ _` | \ \ \ \
 \\/  ___)| |_)| | | | | || (_| |  ) ) ) )
  '  |____| .__|_| |_|_| |_\__, | / / / /
 =========|_|==============|___/=/_/_/_/

 :: Spring Boot ::                (v4.1.1)

2026-09-25T01:22:46.342-05:00  INFO 3772 --- [Travel] [    Test worker] com.eam.Travel.TravelApplicationTests    : Starting TravelApplicationTests using Java 21.0.12.1 with PID 3772 (started by PC in C:\Users\PC\Documents\Segundo_Semestre\Apps_Empresariales\TravelProjectEam\Travel)
2026-09-25T01:22:46.345-05:00  INFO 3772 --- [Travel] [    Test worker] com.eam.Travel.TravelApplicationTests    : No active profile set, falling back to 1 default profile: "default"
2026-09-25T01:22:47.258-05:00  INFO 3772 --- [Travel] [    Test worker] .s.d.r.c.RepositoryConfigurationDelegate : Bootstrapping Spring Data JPA repositories in DEFAULT mode.
2026-09-25T01:22:47.334-05:00  INFO 3772 --- [Travel] [    Test worker] .s.d.r.c.RepositoryConfigurationDelegate : Finished Spring Data repository scanning in 59 ms. Found 5 JPA repository interfaces.
2026-09-25T01:22:47.811-05:00  INFO 3772 --- [Travel] [    Test worker] org.hibernate.orm.jpa                    : HHH008540: Processing PersistenceUnitInfo [name: default]
2026-09-25T01:22:47.910-05:00  INFO 3772 --- [Travel] [    Test worker] org.hibernate.orm.core                   : HHH000001: Hibernate ORM core version 7.4.5.Final
2026-09-25T01:22:48.511-05:00  INFO 3772 --- [Travel] [    Test worker] o.s.o.j.p.SpringPersistenceUnitInfo      : No LoadTimeWeaver setup: ignoring JPA class transformer
2026-09-25T01:22:48.567-05:00  INFO 3772 --- [Travel] [    Test worker] com.zaxxer.hikari.HikariDataSource       : HikariPool-1 - Starting...
2026-09-25T01:22:48.876-05:00  INFO 3772 --- [Travel] [    Test worker] com.zaxxer.hikari.pool.HikariPool        : HikariPool-1 - Added connection org.postgresql.jdbc.PgConnection@62a81453
2026-09-25T01:22:48.879-05:00  INFO 3772 --- [Travel] [    Test worker] com.zaxxer.hikari.HikariDataSource       : HikariPool-1 - Start completed.
2026-09-25T01:22:48.931-05:00  WARN 3772 --- [Travel] [    Test worker] org.hibernate.orm.deprecation            : HHH90000025: PostgreSQLDialect does not need to be specified explicitly using 'hibernate.dialect' (remove the property setting and it will be selected by default)
2026-09-25T01:22:48.962-05:00  INFO 3772 --- [Travel] [    Test worker] org.hibernate.orm.connections.pooling    : HHH10001005: Database info:
	Database JDBC URL [jdbc:postgresql://localhost:5432/postgres]
	Database driver: PostgreSQL JDBC Driver
	Database dialect: PostgreSQLDialect
	Database version: 18.6
	Default catalog/schema: postgres/public
	Autocommit mode: undefined/unknown
	Isolation level: READ_COMMITTED [default READ_COMMITTED]
	JDBC fetch size: none
	Pool: DataSourceConnectionProvider
	Minimum pool size: undefined/unknown
	Maximum pool size: undefined/unknown
2026-09-25T01:22:50.282-05:00  INFO 3772 --- [Travel] [    Test worker] org.hibernate.orm.core                   : HHH000489: No JTA platform available (set 'hibernate.transaction.jta.platform' to enable JTA platform integration)
2026-09-25T01:22:50.366-05:00  INFO 3772 --- [Travel] [    Test worker] j.LocalContainerEntityManagerFactoryBean : Initialized JPA EntityManagerFactory for persistence unit 'default'
2026-09-25T01:22:50.446-05:00  INFO 3772 --- [Travel] [    Test worker] o.s.d.j.r.query.QueryEnhancerFactories   : Hibernate is in classpath; If applicable, HQL parser will be used.
2026-09-25T01:22:50.849-05:00  WARN 3772 --- [Travel] [    Test worker] JpaBaseConfiguration$JpaWebConfiguration : spring.jpa.open-in-view is enabled by default. Therefore, database queries may be performed during view rendering. Explicitly configure spring.jpa.open-in-view to disable this warning
2026-09-25T01:22:51.414-05:00  INFO 3772 --- [Travel] [    Test worker] o.s.b.h.a.H2ConsoleAutoConfiguration     : H2 console available at '/h2-console'. Database available at 'jdbc:postgresql://localhost:5432/postgres'
2026-09-25T01:22:51.506-05:00  INFO 3772 --- [Travel] [    Test worker] com.eam.Travel.TravelApplicationTests    : Started TravelApplicationTests in 5.455 seconds (process running for 7.098)
2026-09-25T01:22:51.509-05:00  WARN 3772 --- [Travel] [    Test worker] o.s.core.events.SpringDocAppInitializer  : SpringDoc /v3/api-docs endpoint is enabled by default. To disable it in production, set the property 'springdoc.api-docs.enabled=false'
2026-09-25T01:22:51.510-05:00  WARN 3772 --- [Travel] [    Test worker] o.s.core.events.SpringDocAppInitializer  : SpringDoc /swagger-ui.html endpoint is enabled by default. To disable it in production, set the property 'springdoc.swagger-ui.enabled=false'
]]></system-out>
  <system-err><![CDATA[Mockito is currently self-attaching to enable the inline-mock-maker. This will no longer work in future releases of the JDK. Please add Mockito as an agent to your build as described in Mockito's documentation: https://javadoc.io/doc/org.mockito/mockito-core/latest/org.mockito/org/mockito/Mockito.html#0.3
WARNING: A Java agent has been loaded dynamically (C:\Users\PC\.gradle\caches\modules-2\files-2.1\net.bytebuddy\byte-buddy-agent\1.18.11\82212e5b3633e7a65fca8bec525762cfb6c9bae4\byte-buddy-agent-1.18.11.jar)
WARNING: If a serviceability tool is in use, please run with -XX:+EnableDynamicAgentLoading to hide this warning
WARNING: If a serviceability tool is not in use, please run with -Djdk.instrument.traceUsage for more information
WARNING: Dynamic loading of agents will be disallowed by default in a future release
]]></system-err>
</testsuite>
